# JRE version: Java(TM) SE Runtime Environment (17.0.12+8) (build 17.0.12+8-LTS-286)
# Java VM: Java HotSpot(TM) 64-Bit Server VM (17.0.12+8-LTS-286, mixed mode, sharing, tiered, compressed oops, compressed class ptrs, g1 gc, windows-amd64)
GC Precious Log:
 CPUs: 12 total, 12 available
 Memory: 14188M
 Large Page Support: Disabled
 NUMA Support: Disabled
 Compressed Oops: Enabled (Zero based)
 Heap Region Size: 2M
 Heap Min Capacity: 8M
 Heap Initial Capacity: 222M
 Heap Max Capacity: 3548M
 Pre-touch: Disabled
 Parallel Workers: 10
 Concurrent Workers: 3
 Concurrent Refinement Workers: 10
 Periodic GC: Disabled
Heap:
 garbage-first heap   total 133120K, used 63739K [0x0000000722400000, 0x0000000800000000)
  region size 2048K, 6 young (12288K), 2 survivors (4096K)
 Metaspace       used 105041K, committed 105856K, reserved 1179648K
  class space    used 13963K, committed 14336K, reserved 1048576K
GC Heap History (20 events):
Event: 14435.154 GC heap before
{Heap before GC invocations=183 (full 0):
 garbage-first heap   total 133120K, used 115026K [0x0000000722400000, 0x0000000800000000)
  region size 2048K, 30 young (61440K), 1 survivors (2048K)
 Metaspace       used 103695K, committed 104704K, reserved 1179648K
  class space    used 13788K, committed 14336K, reserved 1048576K
}
Event: 14435.155 GC heap after
{Heap after GC invocations=184 (full 0):
 garbage-first heap   total 133120K, used 55535K [0x0000000722400000, 0x0000000800000000)
  region size 2048K, 1 young (2048K), 1 survivors (2048K)
 Metaspace       used 103695K, committed 104704K, reserved 1179648K
  class space    used 13788K, committed 14336K, reserved 1048576K
}
Event: 14616.308 GC heap before
{Heap before GC invocations=184 (full 0):
 garbage-first heap   total 133120K, used 114927K [0x0000000722400000, 0x0000000800000000)
  region size 2048K, 30 young (61440K), 1 survivors (2048K)
 Metaspace       used 103695K, committed 104704K, reserved 1179648K
  class space    used 13788K, committed 14336K, reserved 1048576K
}
Event: 14616.310 GC heap after
{Heap after GC invocations=185 (full 0):
 garbage-first heap   total 133120K, used 55370K [0x0000000722400000, 0x0000000800000000)
  region size 2048K, 1 young (2048K), 1 survivors (2048K)
 Metaspace       used 103695K, committed 104704K, reserved 1179648K
  class space    used 13788K, committed 14336K, reserved 1048576K
}
Event: 14797.622 GC heap before
{Heap before GC invocations=186 (full 0):
 garbage-first heap   total 133120K, used 114762K [0x0000000722400000, 0x0000000800000000)
  region size 2048K, 30 young (61440K), 1 survivors (2048K)
 Metaspace       used 103695K, committed 104704K, reserved 1179648K
  class space    used 13788K, committed 14336K, reserved 1048576K
}
Event: 14797.623 GC heap after
{Heap after GC invocations=187 (full 0):
 garbage-first heap   total 133120K, used 55418K [0x0000000722400000, 0x0000000800000000)
  region size 2048K, 1 young (2048K), 1 survivors (2048K)
 Metaspace       used 103695K, committed 104704K, reserved 1179648K
  class space    used 13788K, committed 14336K, reserved 1048576K
}
Event: 14979.861 GC heap before
{Heap before GC invocations=187 (full 0):
 garbage-first heap   total 133120K, used 114810K [0x0000000722400000, 0x0000000800000000)
  region size 2048K, 30 young (61440K), 1 survivors (2048K)
 Metaspace       used 103695K, committed 104704K, reserved 1179648K
  class space    used 13788K, committed 14336K, reserved 1048576K
}
Event: 14979.863 GC heap after
{Heap after GC invocations=188 (full 0):
 garbage-first heap   total 133120K, used 55430K [0x0000000722400000, 0x0000000800000000)
  region size 2048K, 1 young (2048K), 1 survivors (2048K)
 Metaspace       used 103695K, committed 104704K, reserved 1179648K
  class space    used 13788K, committed 14336K, reserved 1048576K
}
Event: 15164.261 GC heap before
{Heap before GC invocations=189 (full 0):
 garbage-first heap   total 133120K, used 114822K [0x0000000722400000, 0x0000000800000000)
  region size 2048K, 30 young (61440K), 1 survivors (2048K)
 Metaspace       used 103696K, committed 104704K, reserved 1179648K
  class space    used 13788K, committed 14336K, reserved 1048576K
}
Event: 15164.273 GC heap after
{Heap after GC invocations=190 (full 0):
 garbage-first heap   total 133120K, used 55456K [0x0000000722400000, 0x0000000800000000)
  region size 2048K, 1 young (2048K), 1 survivors (2048K)
 Metaspace       used 103696K, committed 104704K, reserved 1179648K
  class space    used 13788K, committed 14336K, reserved 1048576K
}
Event: 15182.033 GC heap before
{Heap before GC invocations=190 (full 0):
 garbage-first heap   total 133120K, used 63648K [0x0000000722400000, 0x0000000800000000)
  region size 2048K, 6 young (12288K), 1 survivors (2048K)
 Metaspace       used 103875K, committed 104768K, reserved 1179648K
  class space    used 13823K, committed 14336K, reserved 1048576K
}
Event: 15182.325 GC heap after
{Heap after GC invocations=191 (full 1):
 garbage-first heap   total 133120K, used 43999K [0x0000000722400000, 0x0000000800000000)
  region size 2048K, 0 young (0K), 0 survivors (0K)
 Metaspace       used 103842K, committed 104768K, reserved 1179648K
  class space    used 13818K, committed 14336K, reserved 1048576K
}
Event: 15183.760 GC heap before
{Heap before GC invocations=191 (full 1):
 garbage-first heap   total 133120K, used 107487K [0x0000000722400000, 0x0000000800000000)
  region size 2048K, 32 young (65536K), 0 survivors (0K)
 Metaspace       used 103982K, committed 104896K, reserved 1179648K
  class space    used 13828K, committed 14336K, reserved 1048576K
}
Event: 15183.773 GC heap after
{Heap after GC invocations=192 (full 1):
 garbage-first heap   total 133120K, used 49545K [0x0000000722400000, 0x0000000800000000)
  region size 2048K, 3 young (6144K), 3 survivors (6144K)
 Metaspace       used 103982K, committed 104896K, reserved 1179648K
  class space    used 13828K, committed 14336K, reserved 1048576K
}
Event: 15188.268 GC heap before
{Heap before GC invocations=193 (full 1):
 garbage-first heap   total 133120K, used 104841K [0x0000000722400000, 0x0000000800000000)
  region size 2048K, 30 young (61440K), 3 survivors (6144K)
 Metaspace       used 104586K, committed 105408K, reserved 1179648K
  class space    used 13919K, committed 14336K, reserved 1048576K
}
Event: 15188.284 GC heap after
{Heap after GC invocations=194 (full 1):
 garbage-first heap   total 133120K, used 54093K [0x0000000722400000, 0x0000000800000000)
  region size 2048K, 3 young (6144K), 3 survivors (6144K)
 Metaspace       used 104586K, committed 105408K, reserved 1179648K
  class space    used 13919K, committed 14336K, reserved 1048576K
}
Event: 15188.308 GC heap before
{Heap before GC invocations=194 (full 1):
 garbage-first heap   total 133120K, used 56141K [0x0000000722400000, 0x0000000800000000)
  region size 2048K, 4 young (8192K), 3 survivors (6144K)
 Metaspace       used 104586K, committed 105408K, reserved 1179648K
  class space    used 13919K, committed 14336K, reserved 1048576K
}
Event: 15188.315 GC heap after
{Heap after GC invocations=195 (full 1):
 garbage-first heap   total 133120K, used 55038K [0x0000000722400000, 0x0000000800000000)
  region size 2048K, 1 young (2048K), 1 survivors (2048K)
 Metaspace       used 104586K, committed 105408K, reserved 1179648K
  class space    used 13919K, committed 14336K, reserved 1048576K
}
Event: 15190.245 GC heap before
{Heap before GC invocations=195 (full 1):
 garbage-first heap   total 133120K, used 104190K [0x0000000722400000, 0x0000000800000000)
  region size 2048K, 25 young (51200K), 1 survivors (2048K)
 Metaspace       used 105028K, committed 105856K, reserved 1179648K
  class space    used 13962K, committed 14336K, reserved 1048576K
}
Event: 15190.249 GC heap after
{Heap after GC invocations=196 (full 1):
 garbage-first heap   total 133120K, used 57595K [0x0000000722400000, 0x0000000800000000)
  region size 2048K, 2 young (4096K), 2 survivors (4096K)
 Metaspace       used 105028K, committed 105856K, reserved 1179648K
  class space    used 13962K, committed 14336K, reserved 1048576K
}

